[1211/234203.898:ERROR:directory_reader_win.cc(43)] FindFirstFile: The system cannot find the path specified. (0x3)
[1211/234806.153:ERROR:directory_reader_win.cc(43)] FindFirstFile: The system cannot find the path specified. (0x3)
[1211/235406.451:ERROR:process_reader_win.cc(123)] NtOpenThread: {Access Denied} A process has requested access to an object, but has not been granted those access rights. (0xc0000022)
[1211/235406.455:ERROR:exception_snapshot_win.cc(99)] thread ID 11664 not found in process
[1211/235406.464:ERROR:process_reader_win.cc(123)] NtOpenThread: {Access Denied} A process has requested access to an object, but has not been granted those access rights. (0xc0000022)
[1211/235406.465:ERROR:exception_snapshot_win.cc(99)] thread ID 10344 not found in process
[1211/235406.570:ERROR:process_reader_win.cc(123)] NtOpenThread: {Access Denied} A process has requested access to an object, but has not been granted those access rights. (0xc0000022)
[1211/235406.570:ERROR:exception_snapshot_win.cc(99)] thread ID 11196 not found in process
[1213/230649.201:ERROR:directory_reader_win.cc(43)] FindFirstFile: The system cannot find the path specified. (0x3)
[1213/235406.048:ERROR:directory_reader_win.cc(43)] FindFirstFile: The system cannot find the path specified. (0x3)
[1214/024003.079:ERROR:directory_reader_win.cc(43)] FindFirstFile: The system cannot find the path specified. (0x3)
[1214/033823.202:ERROR:directory_reader_win.cc(43)] FindFirstFile: The system cannot find the path specified. (0x3)
[1215/161826.343:ERROR:process_reader_win.cc(123)] NtOpenThread: {Access Denied} A process has requested access to an object, but has not been granted those access rights. (0xc0000022)
[1215/161826.345:ERROR:exception_snapshot_win.cc(99)] thread ID 7016 not found in process
[1215/161826.621:ERROR:process_reader_win.cc(123)] NtOpenThread: {Access Denied} A process has requested access to an object, but has not been granted those access rights. (0xc0000022)
[1215/161826.621:ERROR:exception_snapshot_win.cc(99)] thread ID 10720 not found in process
[1215/161827.088:ERROR:process_reader_win.cc(123)] NtOpenThread: {Access Denied} A process has requested access to an object, but has not been granted those access rights. (0xc0000022)
[1215/161827.088:ERROR:exception_snapshot_win.cc(99)] thread ID 4080 not found in process
[1215/161827.475:ERROR:process_reader_win.cc(123)] NtOpenThread: {Access Denied} A process has requested access to an object, but has not been granted those access rights. (0xc0000022)
[1215/161827.476:ERROR:exception_snapshot_win.cc(99)] thread ID 10276 not found in process
[1215/161827.904:ERROR:process_reader_win.cc(123)] NtOpenThread: {Access Denied} A process has requested access to an object, but has not been granted those access rights. (0xc0000022)
[1215/161827.904:ERROR:exception_snapshot_win.cc(99)] thread ID 2988 not found in process
[1215/163012.545:ERROR:directory_reader_win.cc(43)] FindFirstFile: The system cannot find the path specified. (0x3)
[1216/031617.781:ERROR:directory_reader_win.cc(43)] FindFirstFile: The system cannot find the path specified. (0x3)
[1216/031648.963:ERROR:directory_reader_win.cc(43)] FindFirstFile: The system cannot find the path specified. (0x3)
[1218/202601.137:ERROR:directory_reader_win.cc(43)] FindFirstFile: The system cannot find the path specified. (0x3)
[1218/202928.643:ERROR:directory_reader_win.cc(43)] FindFirstFile: The system cannot find the path specified. (0x3)
[1218/203030.157:ERROR:directory_reader_win.cc(43)] FindFirstFile: The system cannot find the path specified. (0x3)
[1218/211213.767:ERROR:directory_reader_win.cc(43)] FindFirstFile: The system cannot find the path specified. (0x3)
[1218/212329.205:ERROR:directory_reader_win.cc(43)] FindFirstFile: The system cannot find the path specified. (0x3)
[1218/213722.490:ERROR:directory_reader_win.cc(43)] FindFirstFile: The system cannot find the path specified. (0x3)
[1218/214027.541:ERROR:directory_reader_win.cc(43)] FindFirstFile: The system cannot find the path specified. (0x3)
[1218/214358.921:ERROR:directory_reader_win.cc(43)] FindFirstFile: The system cannot find the path specified. (0x3)
[1218/214403.024:ERROR:process_reader_win.cc(123)] NtOpenThread: {Access Denied} A process has requested access to an object, but has not been granted those access rights. (0xc0000022)
[1218/214403.028:ERROR:exception_snapshot_win.cc(99)] thread ID 23116 not found in process
[1218/214403.432:ERROR:process_reader_win.cc(123)] NtOpenThread: {Access Denied} A process has requested access to an object, but has not been granted those access rights. (0xc0000022)
[1218/214403.432:ERROR:exception_snapshot_win.cc(99)] thread ID 23140 not found in process
[1218/214403.810:ERROR:process_reader_win.cc(123)] NtOpenThread: {Access Denied} A process has requested access to an object, but has not been granted those access rights. (0xc0000022)
[1218/214403.811:ERROR:exception_snapshot_win.cc(99)] thread ID 22428 not found in process
[1218/214404.226:ERROR:process_reader_win.cc(123)] NtOpenThread: {Access Denied} A process has requested access to an object, but has not been granted those access rights. (0xc0000022)
[1218/214404.226:ERROR:exception_snapshot_win.cc(99)] thread ID 23260 not found in process
[1218/214404.618:ERROR:process_reader_win.cc(123)] NtOpenThread: {Access Denied} A process has requested access to an object, but has not been granted those access rights. (0xc0000022)
[1218/214404.620:ERROR:exception_snapshot_win.cc(99)] thread ID 22616 not found in process
[1218/214404.996:ERROR:process_reader_win.cc(123)] NtOpenThread: {Access Denied} A process has requested access to an object, but has not been granted those access rights. (0xc0000022)
[1218/214404.996:ERROR:exception_snapshot_win.cc(99)] thread ID 21344 not found in process
[1218/214405.371:ERROR:process_reader_win.cc(123)] NtOpenThread: {Access Denied} A process has requested access to an object, but has not been granted those access rights. (0xc0000022)
[1218/214405.372:ERROR:exception_snapshot_win.cc(99)] thread ID 22612 not found in process
[1218/214405.850:ERROR:process_reader_win.cc(123)] NtOpenThread: {Access Denied} A process has requested access to an object, but has not been granted those access rights. (0xc0000022)
[1218/214405.851:ERROR:exception_snapshot_win.cc(99)] thread ID 23524 not found in process
[1218/214406.329:ERROR:process_reader_win.cc(123)] NtOpenThread: {Access Denied} A process has requested access to an object, but has not been granted those access rights. (0xc0000022)
[1218/214406.330:ERROR:exception_snapshot_win.cc(99)] thread ID 21216 not found in process
[1218/214406.791:ERROR:process_reader_win.cc(123)] NtOpenThread: {Access Denied} A process has requested access to an object, but has not been granted those access rights. (0xc0000022)
[1218/214406.792:ERROR:exception_snapshot_win.cc(99)] thread ID 21748 not found in process
[1218/214407.281:ERROR:process_reader_win.cc(123)] NtOpenThread: {Access Denied} A process has requested access to an object, but has not been granted those access rights. (0xc0000022)
[1218/214407.283:ERROR:exception_snapshot_win.cc(99)] thread ID 22644 not found in process
[1218/214407.760:ERROR:process_reader_win.cc(123)] NtOpenThread: {Access Denied} A process has requested access to an object, but has not been granted those access rights. (0xc0000022)
[1218/214407.760:ERROR:exception_snapshot_win.cc(99)] thread ID 21864 not found in process
[1218/214408.241:ERROR:process_reader_win.cc(123)] NtOpenThread: {Access Denied} A process has requested access to an object, but has not been granted those access rights. (0xc0000022)
[1218/214408.242:ERROR:exception_snapshot_win.cc(99)] thread ID 21740 not found in process
[1218/214408.614:ERROR:process_reader_win.cc(123)] NtOpenThread: {Access Denied} A process has requested access to an object, but has not been granted those access rights. (0xc0000022)
[1218/214408.614:ERROR:exception_snapshot_win.cc(99)] thread ID 22952 not found in process
[1218/214409.097:ERROR:process_reader_win.cc(123)] NtOpenThread: {Access Denied} A process has requested access to an object, but has not been granted those access rights. (0xc0000022)
[1218/214409.098:ERROR:exception_snapshot_win.cc(99)] thread ID 23400 not found in process
[1218/214409.545:ERROR:process_reader_win.cc(123)] NtOpenThread: {Access Denied} A process has requested access to an object, but has not been granted those access rights. (0xc0000022)
[1218/214409.545:ERROR:exception_snapshot_win.cc(99)] thread ID 23328 not found in process
[1218/214410.034:ERROR:process_reader_win.cc(123)] NtOpenThread: {Access Denied} A process has requested access to an object, but has not been granted those access rights. (0xc0000022)
[1218/214410.034:ERROR:exception_snapshot_win.cc(99)] thread ID 23508 not found in process
[1218/214410.468:ERROR:process_reader_win.cc(123)] NtOpenThread: {Access Denied} A process has requested access to an object, but has not been granted those access rights. (0xc0000022)
[1218/214410.468:ERROR:exception_snapshot_win.cc(99)] thread ID 23444 not found in process
[1218/215443.801:ERROR:directory_reader_win.cc(43)] FindFirstFile: The system cannot find the path specified. (0x3)
[1218/215529.740:ERROR:directory_reader_win.cc(43)] FindFirstFile: The system cannot find the path specified. (0x3)
[1218/215720.879:ERROR:directory_reader_win.cc(43)] FindFirstFile: The system cannot find the path specified. (0x3)
[1218/215826.775:ERROR:directory_reader_win.cc(43)] FindFirstFile: The system cannot find the path specified. (0x3)
[1218/215943.848:ERROR:directory_reader_win.cc(43)] FindFirstFile: The system cannot find the path specified. (0x3)
[1218/220725.354:ERROR:directory_reader_win.cc(43)] FindFirstFile: The system cannot find the path specified. (0x3)
[1218/220816.768:ERROR:directory_reader_win.cc(43)] FindFirstFile: The system cannot find the path specified. (0x3)
[1218/221026.631:ERROR:directory_reader_win.cc(43)] FindFirstFile: The system cannot find the path specified. (0x3)
[1218/221106.977:ERROR:directory_reader_win.cc(43)] FindFirstFile: The system cannot find the path specified. (0x3)
[1218/223541.461:ERROR:directory_reader_win.cc(43)] FindFirstFile: The system cannot find the path specified. (0x3)
[1218/223816.902:ERROR:directory_reader_win.cc(43)] FindFirstFile: The system cannot find the path specified. (0x3)
[1226/033214.365:ERROR:directory_reader_win.cc(43)] FindFirstFile: The system cannot find the path specified. (0x3)
[1226/033301.823:ERROR:directory_reader_win.cc(43)] FindFirstFile: The system cannot find the path specified. (0x3)
[1226/033838.143:ERROR:directory_reader_win.cc(43)] FindFirstFile: The system cannot find the path specified. (0x3)
[1230/003708.051:ERROR:directory_reader_win.cc(43)] FindFirstFile: The system cannot find the path specified. (0x3)
[1230/012833.954:ERROR:directory_reader_win.cc(43)] FindFirstFile: The system cannot find the path specified. (0x3)
[0103/015734.317:ERROR:directory_reader_win.cc(43)] FindFirstFile: The system cannot find the path specified. (0x3)
[0103/153717.270:ERROR:directory_reader_win.cc(43)] FindFirstFile: The system cannot find the path specified. (0x3)
[0103/153805.973:ERROR:directory_reader_win.cc(43)] FindFirstFile: The system cannot find the path specified. (0x3)
[0103/213149.717:ERROR:directory_reader_win.cc(43)] FindFirstFile: The system cannot find the path specified. (0x3)
[0106/010601.899:ERROR:directory_reader_win.cc(43)] FindFirstFile: The system cannot find the path specified. (0x3)
[0115/193641.252:ERROR:directory_reader_win.cc(43)] FindFirstFile: The system cannot find the path specified. (0x3)
[0115/193925.354:ERROR:directory_reader_win.cc(43)] FindFirstFile: The system cannot find the path specified. (0x3)
[0115/195713.521:ERROR:directory_reader_win.cc(43)] FindFirstFile: The system cannot find the path specified. (0x3)
[0115/195851.516:ERROR:directory_reader_win.cc(43)] FindFirstFile: The system cannot find the path specified. (0x3)
[0115/195918.147:ERROR:directory_reader_win.cc(43)] FindFirstFile: The system cannot find the path specified. (0x3)
[0115/201102.181:ERROR:directory_reader_win.cc(43)] FindFirstFile: The system cannot find the path specified. (0x3)
[0115/202854.405:ERROR:directory_reader_win.cc(43)] FindFirstFile: The system cannot find the path specified. (0x3)
[0115/203139.374:ERROR:directory_reader_win.cc(43)] FindFirstFile: The system cannot find the path specified. (0x3)
[0115/203644.097:ERROR:directory_reader_win.cc(43)] FindFirstFile: The system cannot find the path specified. (0x3)
[0115/211058.015:ERROR:process_reader_win.cc(123)] NtOpenThread: {Access Denied} A process has requested access to an object, but has not been granted those access rights. (0xc0000022)
[0115/211058.015:ERROR:exception_snapshot_win.cc(99)] thread ID 20844 not found in process
[0115/211058.079:ERROR:process_info.cc(329)] VirtualQueryEx: Access is denied. (0x5)
[0115/211058.079:ERROR:process_info.cc(556)] ReadMemoryInfo failed
[0115/211058.079:ERROR:process_memory_win.cc(39)] Failed to initialize ProcessInfo.
[0115/211058.079:ERROR:scoped_process_suspend.cc(40)] NtResumeProcess: An attempt was made to access an exiting process. (0xc000010a)
[0115/211058.119:ERROR:process_reader_win.cc(123)] NtOpenThread: {Access Denied} A process has requested access to an object, but has not been granted those access rights. (0xc0000022)
[0115/211058.119:ERROR:exception_snapshot_win.cc(99)] thread ID 1564 not found in process
[0115/211058.143:ERROR:process_reader_win.cc(123)] NtOpenThread: {Access Denied} A process has requested access to an object, but has not been granted those access rights. (0xc0000022)
[0115/211058.143:ERROR:exception_snapshot_win.cc(99)] thread ID 27120 not found in process
[0115/211058.151:ERROR:process_reader_win.cc(123)] NtOpenThread: {Access Denied} A process has requested access to an object, but has not been granted those access rights. (0xc0000022)
[0115/211058.151:ERROR:exception_snapshot_win.cc(99)] thread ID 27368 not found in process
[0115/211058.199:ERROR:process_reader_win.cc(123)] NtOpenThread: {Access Denied} A process has requested access to an object, but has not been granted those access rights. (0xc0000022)
[0115/211058.199:ERROR:exception_snapshot_win.cc(99)] thread ID 8888 not found in process
[0115/211058.199:ERROR:process_reader_win.cc(123)] NtOpenThread: {Access Denied} A process has requested access to an object, but has not been granted those access rights. (0xc0000022)
[0115/211058.199:ERROR:exception_snapshot_win.cc(99)] thread ID 22824 not found in process
[0115/211058.207:ERROR:process_reader_win.cc(123)] NtOpenThread: {Access Denied} A process has requested access to an object, but has not been granted those access rights. (0xc0000022)
[0115/211058.207:ERROR:exception_snapshot_win.cc(99)] thread ID 23232 not found in process
